<?xml version="1.0" encoding="UTF-8"?>
<!-- Generated by org.testng.reporters.JUnitReportReporter -->
<testsuite hostname="PC-DuyHai" name="fr.getlinks.test.service.registration.impl.UserRegistrationServiceTest" tests="4" failures="0" timestamp="20 Sep 2012 22:07:35 GMT" time="7.621" errors="0">
  <testcase name="testGenerateReactivationEmail_SERVICE" time="3.046" classname="fr.getlinks.test.service.registration.impl.UserRegistrationServiceTest"/>
  <testcase name="testGenerateResetPasswordEmail_SERVICE" time="2.221" classname="fr.getlinks.test.service.registration.impl.UserRegistrationServiceTest"/>
  <testcase name="testActivateUser_SERVICE" time="0.019" classname="fr.getlinks.test.service.registration.impl.UserRegistrationServiceTest"/>
  <testcase name="testRegisterUser_SERVICE" time="2.335" classname="fr.getlinks.test.service.registration.impl.UserRegistrationServiceTest"/>
</testsuite> <!-- fr.getlinks.test.service.registration.impl.UserRegistrationServiceTest -->
