<?xml version="1.0" encoding="UTF-8"?>
<!-- Generated by org.testng.reporters.JUnitReportReporter -->
<testsuite hostname="PC-DuyHai" name="fr.getlinks.test.service.registration.impl.RandomStringGeneratorImplTest" tests="4" failures="0" timestamp="11 Sep 2012 22:10:35 GMT" time="0.040" errors="0">
  <testcase name="testRandomTimestampStringWithRandomSuffix" time="0.000" classname="fr.getlinks.test.service.registration.impl.RandomStringGeneratorImplTest"/>
  <testcase name="testRandomString" time="0.001" classname="fr.getlinks.test.service.registration.impl.RandomStringGeneratorImplTest"/>
  <testcase name="testCompareRandomTimestampString" time="0.038" classname="fr.getlinks.test.service.registration.impl.RandomStringGeneratorImplTest"/>
  <testcase name="testRandomTimestampString" time="0.001" classname="fr.getlinks.test.service.registration.impl.RandomStringGeneratorImplTest"/>
</testsuite> <!-- fr.getlinks.test.service.registration.impl.RandomStringGeneratorImplTest -->
