<?xml version="1.0" encoding="UTF-8"?>
<!-- Generated by org.testng.reporters.JUnitReportReporter -->
<testsuite hostname="PC-DuyHai" name="fr.getlinks.service.mail.registration.impl.UserRegistrationModuleImplTest" tests="3" failures="0" timestamp="9 Sep 2012 09:47:30 GMT" time="4.927" errors="0">
  <testcase name="generateReactivationEmail" time="2.127" classname="fr.getlinks.service.mail.registration.impl.UserRegistrationModuleImplTest"/>
  <testcase name="testRegisterUser" time="2.786" classname="fr.getlinks.service.mail.registration.impl.UserRegistrationModuleImplTest"/>
  <testcase name="testActivateUser" time="0.014" classname="fr.getlinks.service.mail.registration.impl.UserRegistrationModuleImplTest"/>
</testsuite> <!-- fr.getlinks.service.mail.registration.impl.UserRegistrationModuleImplTest -->
