<?xml version="1.0" encoding="UTF-8"?>
<!-- Generated by org.testng.reporters.JUnitReportReporter -->
<testsuite hostname="PC-DuyHai" name="fr.getlinks.repository.impl.UserRegistrationRepositoryImplTest" tests="4" failures="0" timestamp="17 Sep 2012 20:38:40 GMT" time="0.062" errors="0">
  <testcase name="testActivateUserFromRegistration_REPOSITORY" time="0.031" classname="fr.getlinks.repository.impl.UserRegistrationRepositoryImplTest"/>
  <testcase name="testBindUser_REPOSITORY" time="0.016" classname="fr.getlinks.repository.impl.UserRegistrationRepositoryImplTest"/>
  <testcase name="testDeactivateUser_REPOSITORY" time="0.000" classname="fr.getlinks.repository.impl.UserRegistrationRepositoryImplTest"/>
  <testcase name="testSaveUser_REPOSITORY" time="0.015" classname="fr.getlinks.repository.impl.UserRegistrationRepositoryImplTest"/>
</testsuite> <!-- fr.getlinks.repository.impl.UserRegistrationRepositoryImplTest -->
