<?xml version="1.0" encoding="UTF-8"?>
<!-- Generated by org.testng.reporters.JUnitReportReporter -->
<testsuite hostname="PC-DuyHai" name="fr.getlinks.service.registration.impl.RegistrationMailSenderImplTest" tests="1" failures="1" timestamp="8 Sep 2012 08:57:20 GMT" time="0.114" errors="0">
  <testcase name="testSendRegistrationEmail" time="0.114" classname="fr.getlinks.service.registration.impl.RegistrationMailSenderImplTest">
    <failure type="org.thymeleaf.exceptions.TemplateInputException" message="Error resolving template &quot;welcomeMail&quot;, template might not exist or might not be accessible by any of the configured Template Resolvers">
      <![CDATA[org.thymeleaf.exceptions.TemplateInputException: Error resolving template "welcomeMail", template might not exist or might not be accessible by any of the configured Template Resolvers
	at org.thymeleaf.TemplateRepository.getTemplate(TemplateRepository.java:247)
	at org.thymeleaf.TemplateEngine.process(TemplateEngine.java:1015)
	at org.thymeleaf.TemplateEngine.process(TemplateEngine.java:978)
	at org.thymeleaf.TemplateEngine.process(TemplateEngine.java:920)
	at fr.getlinks.service.mail.MailService.sendMail(MailService.java:32)
	at fr.getlinks.service.registration.impl.RegistrationMailSenderImpl.sendRegistrationEmail(RegistrationMailSenderImpl.java:28)
	at fr.getlinks.service.registration.impl.RegistrationMailSenderImplTest.testSendRegistrationEmail(RegistrationMailSenderImplTest.java:16)
	at sun.reflect.NativeMethodAccessorImpl.invoke0(Native Method)
	at sun.reflect.NativeMethodAccessorImpl.invoke(NativeMethodAccessorImpl.java:39)
	at sun.reflect.DelegatingMethodAccessorImpl.invoke(DelegatingMethodAccessorImpl.java:25)
	at java.lang.reflect.Method.invoke(Method.java:597)
	at org.testng.internal.MethodInvocationHelper.invokeMethod(MethodInvocationHelper.java:80)
	at org.testng.internal.MethodInvocationHelper$1.runTestMethod(MethodInvocationHelper.java:182)
	at org.springframework.test.context.testng.AbstractTestNGSpringContextTests.run(AbstractTestNGSpringContextTests.java:158)
	at sun.reflect.NativeMethodAccessorImpl.invoke0(Native Method)
	at sun.reflect.NativeMethodAccessorImpl.invoke(NativeMethodAccessorImpl.java:39)
	at sun.reflect.DelegatingMethodAccessorImpl.invoke(DelegatingMethodAccessorImpl.java:25)
	at java.lang.reflect.Method.invoke(Method.java:597)
	at org.testng.internal.MethodInvocationHelper.invokeHookable(MethodInvocationHelper.java:194)
	at org.testng.internal.Invoker.invokeMethod(Invoker.java:708)
	at org.testng.internal.Invoker.invokeTestMethod(Invoker.java:907)
	at org.testng.internal.Invoker.invokeTestMethods(Invoker.java:1237)
	at org.testng.internal.TestMethodWorker.invokeTestMethods(TestMethodWorker.java:127)
	at org.testng.internal.TestMethodWorker.run(TestMethodWorker.java:111)
	at org.testng.TestRunner.privateRun(TestRunner.java:767)
	at org.testng.TestRunner.run(TestRunner.java:617)
	at org.testng.SuiteRunner.runTest(SuiteRunner.java:334)
	at org.testng.SuiteRunner.runSequentially(SuiteRunner.java:329)
	at org.testng.SuiteRunner.privateRun(SuiteRunner.java:291)
	at org.testng.SuiteRunner.run(SuiteRunner.java:240)
	at org.testng.SuiteRunnerWorker.runSuite(SuiteRunnerWorker.java:51)
	at org.testng.SuiteRunnerWorker.run(SuiteRunnerWorker.java:85)
	at org.testng.TestNG.runSuitesSequentially(TestNG.java:1197)
	at org.testng.TestNG.runSuitesLocally(TestNG.java:1122)
	at org.testng.TestNG.run(TestNG.java:1030)
	at org.testng.remote.RemoteTestNG.run(RemoteTestNG.java:111)
	at org.testng.remote.RemoteTestNG.initAndRun(RemoteTestNG.java:204)
	at org.testng.remote.RemoteTestNG.main(RemoteTestNG.java:175)
]]>
    </failure>
  </testcase> <!-- testSendRegistrationEmail -->
</testsuite> <!-- fr.getlinks.service.registration.impl.RegistrationMailSenderImplTest -->
