<?xml version="1.0" encoding="UTF-8"?>
<!-- Generated by org.testng.reporters.JUnitReportReporter -->
<testsuite hostname="PC-DuyHai" name="fr.getlinks.repository.impl.UserRegistrationRepositoryImplTest" tests="4" failures="0" timestamp="9 Sep 2012 15:25:05 GMT" time="0.122" errors="0">
  <testcase name="testSaveUser" time="0.070" classname="fr.getlinks.repository.impl.UserRegistrationRepositoryImplTest"/>
  <testcase name="testDeactivateUser" time="0.003" classname="fr.getlinks.repository.impl.UserRegistrationRepositoryImplTest"/>
  <testcase name="testBindUser" time="0.017" classname="fr.getlinks.repository.impl.UserRegistrationRepositoryImplTest"/>
  <testcase name="testActivateUserFromRegistration" time="0.032" classname="fr.getlinks.repository.impl.UserRegistrationRepositoryImplTest"/>
</testsuite> <!-- fr.getlinks.repository.impl.UserRegistrationRepositoryImplTest -->
