<?xml version="1.0" encoding="UTF-8"?>
<!-- Generated by org.testng.reporters.JUnitReportReporter -->
<testsuite hostname="PC-DuyHai" name="fr.getlinks.test.service.registration.impl.RegistrationMailSenderImplTest" tests="2" failures="0" timestamp="20 Sep 2012 22:07:35 GMT" time="5.398" errors="0">
  <testcase name="testSendUnblockEmail_SERVICE" time="3.192" classname="fr.getlinks.test.service.registration.impl.RegistrationMailSenderImplTest"/>
  <testcase name="testSendRegistrationEmail_SERVICE" time="2.206" classname="fr.getlinks.test.service.registration.impl.RegistrationMailSenderImplTest"/>
</testsuite> <!-- fr.getlinks.test.service.registration.impl.RegistrationMailSenderImplTest -->
