<?xml version="1.0" encoding="UTF-8"?>
<!-- Generated by org.testng.reporters.JUnitReportReporter -->
<testsuite hostname="PC-DuyHai" name="fr.getlinks.test.repository.impl.UserRepositoryImplTest" tests="2" failures="0" timestamp="20 Sep 2012 21:09:19 GMT" time="0.009" errors="0">
  <testcase name="testFindUserByLogin_REPOSITORY" time="0.001" classname="fr.getlinks.test.repository.impl.UserRepositoryImplTest"/>
  <testcase name="testSaveUser_REPOSITORY" time="0.008" classname="fr.getlinks.test.repository.impl.UserRepositoryImplTest"/>
</testsuite> <!-- fr.getlinks.test.repository.impl.UserRepositoryImplTest -->
