<?xml version="1.0" encoding="UTF-8"?>
<!-- Generated by org.testng.reporters.JUnitReportReporter -->
<testsuite hostname="PC-DuyHai" name="fr.getlinks.repository.impl.NetworkRepositoryImplTest" tests="2" failures="0" timestamp="17 Sep 2012 20:38:40 GMT" time="0.047" errors="0">
  <testcase name="testFindNetworkByName_REPOSITORY" time="0.016" classname="fr.getlinks.repository.impl.NetworkRepositoryImplTest"/>
  <testcase name="testSaveNetwork_REPOSITORY" time="0.031" classname="fr.getlinks.repository.impl.NetworkRepositoryImplTest"/>
</testsuite> <!-- fr.getlinks.repository.impl.NetworkRepositoryImplTest -->
