<?xml version="1.0" encoding="UTF-8"?>
<!-- Generated by org.testng.reporters.JUnitReportReporter -->
<testsuite hostname="PC-DuyHai" name="fr.getlinks.repository.impl.UserRegistrationRepositoryImplTest" tests="4" failures="0" timestamp="13 Sep 2012 22:03:09 GMT" time="0.141" errors="0">
  <testcase name="testSaveUser" time="0.086" classname="fr.getlinks.repository.impl.UserRegistrationRepositoryImplTest"/>
  <testcase name="testDeactivateUser" time="0.002" classname="fr.getlinks.repository.impl.UserRegistrationRepositoryImplTest"/>
  <testcase name="testActivateUserFromRegistration" time="0.034" classname="fr.getlinks.repository.impl.UserRegistrationRepositoryImplTest"/>
  <testcase name="testBindUser" time="0.019" classname="fr.getlinks.repository.impl.UserRegistrationRepositoryImplTest"/>
</testsuite> <!-- fr.getlinks.repository.impl.UserRegistrationRepositoryImplTest -->
