<?xml version="1.0" encoding="UTF-8"?>
<!-- Generated by org.testng.reporters.JUnitReportReporter -->
<testsuite hostname="PC-DuyHai" name="fr.getlinks.test.service.MailServiceTest" tests="1" failures="0" timestamp="4 Sep 2012 22:27:22 GMT" time="2.834" errors="0">
  <testcase name="testSendHTMLMail" time="2.834" classname="fr.getlinks.test.service.MailServiceTest"/>
</testsuite> <!-- fr.getlinks.test.service.MailServiceTest -->
