<?xml version="1.0" encoding="UTF-8"?>
<!-- Generated by org.testng.reporters.JUnitReportReporter -->
<testsuite hostname="PC-DuyHai" name="fr.getlinks.test.repository.impl.UserNetworkRepositoryImplTest" tests="3" failures="0" timestamp="20 Sep 2012 21:09:19 GMT" time="0.027" errors="0">
  <testcase name="testFindNetworkUsageByLogin_REPOSITORY" time="0.012" classname="fr.getlinks.test.repository.impl.UserNetworkRepositoryImplTest"/>
  <testcase name="testFindNetworkUsageByLoginAndNetwork_REPOSITORY" time="0.003" classname="fr.getlinks.test.repository.impl.UserNetworkRepositoryImplTest"/>
  <testcase name="testSaveNetworkUsage_REPOSITORY" time="0.012" classname="fr.getlinks.test.repository.impl.UserNetworkRepositoryImplTest"/>
</testsuite> <!-- fr.getlinks.test.repository.impl.UserNetworkRepositoryImplTest -->
