<?xml version="1.0" encoding="UTF-8"?>
<!-- Generated by org.testng.reporters.JUnitReportReporter -->
<testsuite hostname="PC-DuyHai" name="fr.getlinks.service.mail.registration.impl.UserRegistrationServiceTest" tests="4" failures="0" timestamp="13 Sep 2012 23:14:34 GMT" time="7.349" errors="0">
  <testcase name="testActivateUser" time="0.013" classname="fr.getlinks.service.mail.registration.impl.UserRegistrationServiceTest"/>
  <testcase name="testGenerateResetPasswordEmail" time="2.325" classname="fr.getlinks.service.mail.registration.impl.UserRegistrationServiceTest"/>
  <testcase name="testRegisterUser" time="2.790" classname="fr.getlinks.service.mail.registration.impl.UserRegistrationServiceTest"/>
  <testcase name="testGenerateReactivationEmail" time="2.221" classname="fr.getlinks.service.mail.registration.impl.UserRegistrationServiceTest"/>
</testsuite> <!-- fr.getlinks.service.mail.registration.impl.UserRegistrationServiceTest -->
