<?xml version="1.0" encoding="UTF-8"?>
<!-- Generated by org.testng.reporters.JUnitReportReporter -->
<testsuite hostname="PC-DuyHai" name="fr.getlinks.test.service.registration.impl.RandomStringGeneratorImplTest" tests="4" failures="0" timestamp="20 Sep 2012 22:07:35 GMT" time="0.042" errors="0">
  <testcase name="testCompareRandomTimestampString_SERVICE" time="0.038" classname="fr.getlinks.test.service.registration.impl.RandomStringGeneratorImplTest"/>
  <testcase name="testRandomString_SERVICE" time="0.002" classname="fr.getlinks.test.service.registration.impl.RandomStringGeneratorImplTest"/>
  <testcase name="testRandomTimestampStringWithRandomSuffix_SERVICE" time="0.001" classname="fr.getlinks.test.service.registration.impl.RandomStringGeneratorImplTest"/>
  <testcase name="testRandomTimestampString_SERVICE" time="0.001" classname="fr.getlinks.test.service.registration.impl.RandomStringGeneratorImplTest"/>
</testsuite> <!-- fr.getlinks.test.service.registration.impl.RandomStringGeneratorImplTest -->
