<?xml version="1.0" encoding="UTF-8"?>
<!-- Generated by org.testng.reporters.JUnitReportReporter -->
<testsuite hostname="PC-DuyHai" name="fr.getlinks.service.registration.impl.RandomStringGeneratorImplTest" tests="3" failures="0" timestamp="7 Sep 2012 20:10:43 GMT" time="0.036" errors="0">
  <testcase name="testRandomTimestampString" time="0.000" classname="fr.getlinks.service.registration.impl.RandomStringGeneratorImplTest"/>
  <testcase name="testCompareRandomTimestampString" time="0.036" classname="fr.getlinks.service.registration.impl.RandomStringGeneratorImplTest"/>
  <testcase name="testRandomString" time="0.000" classname="fr.getlinks.service.registration.impl.RandomStringGeneratorImplTest"/>
</testsuite> <!-- fr.getlinks.service.registration.impl.RandomStringGeneratorImplTest -->
