<?xml version="1.0" encoding="UTF-8"?>
<!-- Generated by org.testng.reporters.JUnitReportReporter -->
<testsuite hostname="PC-DuyHai" name="fr.getlinks.repository.impl.UserNetworkRepositoryImplTest" tests="3" failures="0" timestamp="17 Sep 2012 20:38:40 GMT" time="0.031" errors="0">
  <testcase name="testFindNetworkUsageByLoginAndNetwork_REPOSITORY" time="0.000" classname="fr.getlinks.repository.impl.UserNetworkRepositoryImplTest"/>
  <testcase name="testSaveNetworkUsage_REPOSITORY" time="0.016" classname="fr.getlinks.repository.impl.UserNetworkRepositoryImplTest"/>
  <testcase name="testFindNetworkUsageByLogin_REPOSITORY" time="0.015" classname="fr.getlinks.repository.impl.UserNetworkRepositoryImplTest"/>
</testsuite> <!-- fr.getlinks.repository.impl.UserNetworkRepositoryImplTest -->
