<?xml version="1.0" encoding="UTF-8"?>
<!-- Generated by org.testng.reporters.JUnitReportReporter -->
<testsuite hostname="PC-DuyHai" name="fr.getlinks.test.repository.impl.NetworkRepositoryImplTest" tests="2" failures="0" timestamp="20 Sep 2012 21:09:19 GMT" time="0.036" errors="0">
  <testcase name="testSaveNetwork_REPOSITORY" time="0.035" classname="fr.getlinks.test.repository.impl.NetworkRepositoryImplTest"/>
  <testcase name="testFindNetworkByName_REPOSITORY" time="0.001" classname="fr.getlinks.test.repository.impl.NetworkRepositoryImplTest"/>
</testsuite> <!-- fr.getlinks.test.repository.impl.NetworkRepositoryImplTest -->
