<?xml version="1.0" encoding="UTF-8"?>
<!-- Generated by org.testng.reporters.JUnitReportReporter -->
<testsuite hostname="PC-DuyHai" name="fr.getlinks.test.service.mail.MailServiceTest" tests="1" failures="0" timestamp="20 Sep 2012 22:07:35 GMT" time="5.509" errors="0">
  <testcase name="testSendHTMLMail_SERVICE" time="5.509" classname="fr.getlinks.test.service.mail.MailServiceTest"/>
</testsuite> <!-- fr.getlinks.test.service.mail.MailServiceTest -->
