<?xml version="1.0" encoding="UTF-8"?>
<!-- Generated by org.testng.reporters.JUnitReportReporter -->
<testsuite hostname="PC-DuyHai" name="fr.getlinks.test.repository.impl.UserRegistrationRepositoryImplTest" tests="4" failures="0" timestamp="20 Sep 2012 21:09:19 GMT" time="0.024" errors="0">
  <testcase name="testSaveUser_REPOSITORY" time="0.003" classname="fr.getlinks.test.repository.impl.UserRegistrationRepositoryImplTest"/>
  <testcase name="testBindUser_REPOSITORY" time="0.015" classname="fr.getlinks.test.repository.impl.UserRegistrationRepositoryImplTest"/>
  <testcase name="testDeactivateUser_REPOSITORY" time="0.002" classname="fr.getlinks.test.repository.impl.UserRegistrationRepositoryImplTest"/>
  <testcase name="testActivateUserFromRegistration_REPOSITORY" time="0.004" classname="fr.getlinks.test.repository.impl.UserRegistrationRepositoryImplTest"/>
</testsuite> <!-- fr.getlinks.test.repository.impl.UserRegistrationRepositoryImplTest -->
