<?xml version="1.0" encoding="UTF-8"?>
<!-- Generated by org.testng.reporters.JUnitReportReporter -->
<testsuite hostname="PC-DuyHai" name="fr.getlinks.test.service.registration.impl.UserRegistrationServiceTest" tests="4" failures="0" timestamp="13 Sep 2012 23:17:31 GMT" time="8.746" errors="0">
  <testcase name="testRegisterUser" time="4.194" classname="fr.getlinks.test.service.registration.impl.UserRegistrationServiceTest"/>
  <testcase name="testActivateUser" time="0.005" classname="fr.getlinks.test.service.registration.impl.UserRegistrationServiceTest"/>
  <testcase name="testGenerateResetPasswordEmail" time="2.185" classname="fr.getlinks.test.service.registration.impl.UserRegistrationServiceTest"/>
  <testcase name="testGenerateReactivationEmail" time="2.362" classname="fr.getlinks.test.service.registration.impl.UserRegistrationServiceTest"/>
</testsuite> <!-- fr.getlinks.test.service.registration.impl.UserRegistrationServiceTest -->
