<?xml version="1.0" encoding="UTF-8"?>
<!-- Generated by org.testng.reporters.JUnitReportReporter -->
<testsuite hostname="PC-DuyHai" name="fr.getlinks.test.web.controller.RegistrationControllerTest" tests="4" failures="0" timestamp="16 Sep 2012 12:11:30 GMT" time="0.235" errors="0">
  <testcase name="testChangePasswordRedirectToHome_HTTPAction" time="0.031" classname="fr.getlinks.test.web.controller.RegistrationControllerTest"/>
  <testcase name="testChangePasswordOK_HTTPAction" time="0.016" classname="fr.getlinks.test.web.controller.RegistrationControllerTest"/>
  <testcase name="testActivateOK_HTTPAction" time="0.016" classname="fr.getlinks.test.web.controller.RegistrationControllerTest"/>
  <testcase name="testActivateKO_HTTPAction" time="0.172" classname="fr.getlinks.test.web.controller.RegistrationControllerTest"/>
</testsuite> <!-- fr.getlinks.test.web.controller.RegistrationControllerTest -->
