<?xml version="1.0" encoding="UTF-8"?>
<!-- Generated by org.testng.reporters.JUnitReportReporter -->
<testsuite hostname="PC-DuyHai" name="fr.getlinks.test.web.controller.RegistrationControllerTest" tests="4" failures="0" timestamp="20 Sep 2012 22:10:13 GMT" time="0.237" errors="0">
  <testcase name="testChangePasswordRedirectToHome_CONTROLLER" time="0.022" classname="fr.getlinks.test.web.controller.RegistrationControllerTest"/>
  <testcase name="testActivateKO_CONTROLLER" time="0.179" classname="fr.getlinks.test.web.controller.RegistrationControllerTest"/>
  <testcase name="testChangePasswordOK_CONTROLLER" time="0.019" classname="fr.getlinks.test.web.controller.RegistrationControllerTest"/>
  <testcase name="testActivateOK_CONTROLLER" time="0.017" classname="fr.getlinks.test.web.controller.RegistrationControllerTest"/>
</testsuite> <!-- fr.getlinks.test.web.controller.RegistrationControllerTest -->
